[2026-05-12T19:46:51.893Z] GET http://localhost:5500/ → pending (?ms, ?B)
[2026-05-12T19:47:23.863Z] GET http://localhost:5500/ → 200 (78ms, 19216B)
[2026-05-12T19:47:23.969Z] GET https://fonts.googleapis.com/css2?family=Playfair+Display:ital,wght@0,600;0,700;1,600&family=Inter:wght@400;500;600&display=swap → 200 (277ms, 12410B)
[2026-05-12T19:47:23.970Z] GET http://localhost:5500/styles.css → 200 (77ms, 21540B)
[2026-05-12T19:47:23.970Z] GET http://localhost:5500/assets/gabriel/IMG_1635.jpg → 200 (82ms, 8903641B)
[2026-05-12T19:47:23.970Z] GET http://localhost:5500/script.js → 200 (87ms, 5908B)
[2026-05-12T19:47:24.335Z] GET https://fonts.gstatic.com/s/inter/v20/UcC73FwrK3iLTeHuS_nVMrMxCp50SjIa1ZL7.woff2 → pending (?ms, ?B)
[2026-05-12T19:47:24.336Z] GET https://fonts.gstatic.com/s/playfairdisplay/v40/nuFiD-vYSZviVYUb_rj3ij__anPXDTzYgA.woff2 → pending (?ms, ?B)
[2026-05-12T19:47:24.338Z] GET https://fonts.gstatic.com/s/playfairdisplay/v40/nuFRD-vYSZviVYUb_rj3ij__anPXDTnCjmHKM4nYO7KN_naUXtHA-Q.woff2 → pending (?ms, ?B)
[2026-05-12T19:47:24.338Z] GET http://localhost:5500/assets/gabriel/IMG_1626.jpg → 200 (7ms, ?B)
[2026-05-12T19:47:24.339Z] GET http://localhost:5500/assets/gabriel/IMG_1634.jpg → 200 (6ms, ?B)
[2026-05-12T19:47:26.795Z] GET http://localhost:5500/assets/gabriel/IMG_1632.jpg → 200 (6ms, 8870754B)
[2026-05-12T19:50:37.990Z] GET http://localhost:5500/ → 200 (6ms, 19216B)
[2026-05-12T19:50:38.009Z] GET https://fonts.googleapis.com/css2?family=Playfair+Display:ital,wght@0,600;0,700;1,600&family=Inter:wght@400;500;600&display=swap → 200 (?ms, 12410B)
[2026-05-12T19:50:38.010Z] GET http://localhost:5500/styles.css → 200 (?ms, 21540B)
[2026-05-12T19:50:38.011Z] GET http://localhost:5500/assets/gabriel/IMG_1635.jpg → 200 (?ms, 8903641B)
[2026-05-12T19:50:38.011Z] GET http://localhost:5500/script.js → 200 (?ms, 5908B)
[2026-05-12T19:50:38.017Z] GET http://localhost:5500/assets/gabriel/IMG_1626.jpg → 200 (?ms, 9883789B)
[2026-05-12T19:50:38.019Z] GET http://localhost:5500/assets/gabriel/IMG_1634.jpg → 200 (?ms, ?B)
[2026-05-12T19:50:38.019Z] GET http://localhost:5500/assets/gabriel/IMG_1632.jpg → 200 (?ms, ?B)
[2026-05-12T19:50:38.026Z] GET https://fonts.gstatic.com/s/inter/v20/UcC73FwrK3iLTeHuS_nVMrMxCp50SjIa1ZL7.woff2 → 200 (?ms, ?B)
[2026-05-12T19:50:38.026Z] GET https://fonts.gstatic.com/s/playfairdisplay/v40/nuFRD-vYSZviVYUb_rj3ij__anPXDTnCjmHKM4nYO7KN_naUXtHA-Q.woff2 → 200 (?ms, ?B)
[2026-05-12T19:50:38.027Z] GET https://fonts.gstatic.com/s/playfairdisplay/v40/nuFiD-vYSZviVYUb_rj3ij__anPXDTzYgA.woff2 → 200 (?ms, ?B)
